2026-04-20 13:26:58 === Instance watchdog started. Checking http://152.70.201.154:3000/api/health every 120s ===
2026-04-20 13:27:09 Health check failed: The operation has timed out.
2026-04-20 13:27:09 Server unreachable. Querying OCI for instance state...
2026-04-20 13:28:04   Found: arbitration-server | State: RUNNING | ID: ocid1.instance.oc1.iad.anuwcljttqo5g6qcrgapekbjjlu7lx5wfzfsfj4ijgo2wsnk2ule7q4yihqa
2026-04-20 13:28:04   Instance is RUNNING but SSH is unresponsive. Issuing soft reboot...
2026-04-20 13:28:16   Reboot issued. Waiting 90s...
2026-04-20 13:29:46   Waiting for SSH to become available...
2026-04-20 13:30:01   Waiting for SSH... attempt 1/18
2026-04-20 13:30:37   Waiting for SSH... attempt 2/18
2026-04-20 13:31:12   Waiting for SSH... attempt 3/18
2026-04-20 13:31:51   Waiting for SSH... attempt 4/18
2026-04-20 13:32:40   SSH up. Pulling latest code and restarting PM2...
2026-04-20 13:32:47   bash: line 1: cd: /home/opc/arbitration_platform: No such file or directory
2026-04-20 13:32:47   Backend recovered successfully.
2026-04-20 13:35:28 OK - HTTP 200
2026-04-20 13:37:29 OK - HTTP 200
2026-04-20 13:39:31 OK - HTTP 200
2026-04-20 13:41:32 OK - HTTP 200
2026-04-20 13:43:48 OK - HTTP 200
2026-04-20 13:46:32 OK - HTTP 200
2026-04-20 13:48:43 OK - HTTP 200
2026-04-20 13:50:43 OK - HTTP 200
2026-04-20 13:52:46 OK - HTTP 200
2026-04-20 13:55:00 Health check failed: The operation has timed out.
2026-04-20 13:55:00 Server unreachable. Querying OCI for instance state...
2026-04-20 13:56:44   Found: arbitration-server | State: RUNNING | ID: ocid1.instance.oc1.iad.anuwcljttqo5g6qcrgapekbjjlu7lx5wfzfsfj4ijgo2wsnk2ule7q4yihqa
2026-04-20 13:56:44   Instance is RUNNING but SSH is unresponsive. Issuing soft reboot...
2026-04-20 13:57:35   Reboot issued. Waiting 90s...
2026-04-20 13:59:08   Waiting for SSH to become available...
2026-04-20 13:59:24   Waiting for SSH... attempt 1/18
2026-04-20 14:00:42   Waiting for SSH... attempt 2/18
2026-04-20 14:01:20   Waiting for SSH... attempt 3/18
2026-04-20 14:01:55   Waiting for SSH... attempt 4/18
2026-04-20 14:02:38   Waiting for SSH... attempt 5/18
2026-04-20 14:03:17   Waiting for SSH... attempt 6/18
2026-04-20 14:03:52   Waiting for SSH... attempt 7/18
2026-04-20 14:04:28   Waiting for SSH... attempt 8/18
2026-04-20 14:05:04   Waiting for SSH... attempt 9/18
2026-04-20 14:05:45   Waiting for SSH... attempt 10/18
2026-04-20 14:06:21   Waiting for SSH... attempt 11/18
2026-04-20 14:06:56   Waiting for SSH... attempt 12/18
2026-04-20 14:07:44   Waiting for SSH... attempt 13/18
2026-04-20 14:08:30   Waiting for SSH... attempt 14/18
2026-04-20 14:09:12   Waiting for SSH... attempt 15/18
2026-04-20 14:09:47   Waiting for SSH... attempt 16/18
2026-04-20 14:10:24   Waiting for SSH... attempt 17/18
2026-04-20 14:11:00   Waiting for SSH... attempt 18/18
2026-04-20 14:11:20   ERROR: SSH did not come up after 6 minutes. Will retry next check.
2026-04-20 14:13:33 Health check failed: The operation has timed out.
2026-04-20 14:13:33 Server unreachable. Querying OCI for instance state...
2026-04-20 14:18:12   Found: arbitration-server | State: RUNNING | ID: ocid1.instance.oc1.iad.anuwcljttqo5g6qcrgapekbjjlu7lx5wfzfsfj4ijgo2wsnk2ule7q4yihqa
2026-04-20 14:18:12   Instance is RUNNING but SSH is unresponsive. Issuing soft reboot...
2026-04-20 14:19:02   Reboot issued. Waiting 90s...
2026-04-20 14:20:32   Waiting for SSH to become available...
2026-04-20 14:20:51   Waiting for SSH... attempt 1/18
2026-04-20 14:21:28   Waiting for SSH... attempt 2/18
2026-04-20 14:22:03   Waiting for SSH... attempt 3/18
2026-04-20 14:23:10   SSH up. Pulling latest code and restarting PM2...
2026-04-20 14:25:12   bash: line 1: cd: /home/opc/arbitration_platform: No such file or directory
2026-04-20 14:25:36   Backend recovered successfully.
2026-04-20 14:27:47 Health check failed: The operation has timed out.
2026-04-20 14:27:47 Server unreachable. Querying OCI for instance state...
2026-04-20 14:28:34   Found: arbitration-server | State: RUNNING | ID: ocid1.instance.oc1.iad.anuwcljttqo5g6qcrgapekbjjlu7lx5wfzfsfj4ijgo2wsnk2ule7q4yihqa
2026-04-20 14:28:34   Instance is RUNNING but SSH is unresponsive. Issuing soft reboot...
2026-04-20 14:28:55   Reboot issued. Waiting 90s...
2026-04-20 14:30:28   Waiting for SSH to become available...
2026-04-20 14:30:47   Waiting for SSH... attempt 1/18
2026-04-20 14:31:24   Waiting for SSH... attempt 2/18
2026-04-20 14:32:00   Waiting for SSH... attempt 3/18
2026-04-20 14:32:43   SSH up. Pulling latest code and restarting PM2...
2026-04-20 14:33:08   bash: line 1: cd: /home/opc/arbitration_platform: No such file or directory
2026-04-20 14:33:27   Backend recovered successfully.
2026-04-20 14:35:40 Health check failed: The operation has timed out.
2026-04-20 14:35:40 Server unreachable. Querying OCI for instance state...
2026-04-20 14:37:12   Found: arbitration-server | State: RUNNING | ID: ocid1.instance.oc1.iad.anuwcljttqo5g6qcrgapekbjjlu7lx5wfzfsfj4ijgo2wsnk2ule7q4yihqa
2026-04-20 14:37:12   Instance is RUNNING but SSH is unresponsive. Issuing soft reboot...
2026-04-20 14:37:43   Reboot issued. Waiting 90s...
2026-04-20 14:39:13   Waiting for SSH to become available...
2026-04-20 14:39:29   Waiting for SSH... attempt 1/18
2026-04-20 14:40:04   Waiting for SSH... attempt 2/18
2026-04-20 14:40:39   Waiting for SSH... attempt 3/18
2026-04-20 14:41:15   Waiting for SSH... attempt 4/18
2026-04-20 14:41:54   SSH up. Pulling latest code and restarting PM2...
2026-04-20 14:42:02   bash: line 1: cd: /home/opc/arbitration_platform: No such file or directory
2026-04-20 14:42:02   Backend recovered successfully.
2026-04-20 14:44:14 Health check failed: The operation has timed out.
2026-04-20 14:44:19 Server unreachable. Querying OCI for instance state...
2026-04-20 14:45:14   Found: arbitration-server | State: RUNNING | ID: ocid1.instance.oc1.iad.anuwcljttqo5g6qcrgapekbjjlu7lx5wfzfsfj4ijgo2wsnk2ule7q4yihqa
2026-04-20 14:45:15   Instance is RUNNING but SSH is unresponsive. Issuing soft reboot...
2026-04-20 14:45:38   Reboot issued. Waiting 90s...
2026-04-20 14:47:08   Waiting for SSH to become available...
2026-04-20 14:47:22 === Instance watchdog started. Checking http://152.70.201.154:3000/api/health every 120s ===
2026-04-20 14:47:32 Health check failed: The operation has timed out.
2026-04-20 14:47:32 Server unreachable. Querying OCI for instance state...
2026-04-20 14:49:43   Found: arbitration-server | State: STOPPING | ID: ocid1.instance.oc1.iad.anuwcljttqo5g6qcrgapekbjjlu7lx5wfzfsfj4ijgo2wsnk2ule7q4yihqa
2026-04-20 14:49:43   Instance is STOPPING. Starting it...
2026-04-20 14:50:00   Start issued. Waiting 120s...
2026-04-20 14:52:00   Waiting for SSH to become available...
2026-04-20 14:52:04   SSH up. Pulling latest code and restarting PM2...
2026-04-20 14:52:06   bash: line 1: /usr/bin/git: No such file or directory
2026-04-20 14:52:07   [PM2] Spawning PM2 daemon with pm2_home=/home/opc/.pm2
2026-04-20 14:52:08   [PM2] PM2 Successfully daemonized
2026-04-20 14:52:08   [PM2][ERROR] Process or Namespace arbitration-backend not found
2026-04-20 14:52:08   Backend recovered successfully.
2026-04-20 14:54:24 Health check failed: The operation has timed out.
2026-04-20 14:54:24 Server unreachable. Querying OCI for instance state...
2026-04-20 14:57:19   Found: arbitration-server | State: RUNNING | ID: ocid1.instance.oc1.iad.anuwcljttqo5g6qcrgapekbjjlu7lx5wfzfsfj4ijgo2wsnk2ule7q4yihqa
2026-04-20 14:57:19   Instance is RUNNING but SSH is unresponsive. Issuing soft reboot...
2026-04-20 14:58:40   Reboot issued. Waiting 90s...
2026-04-20 15:00:17   Waiting for SSH to become available...
2026-04-20 15:18:55 === Instance watchdog started. Checking http://152.70.201.154:3000/api/health every 120s ===
2026-04-20 15:19:19 Health check failed: The request was aborted: The request was canceled.
2026-04-20 15:19:20 Server unreachable. Querying OCI for instance state...
2026-04-20 15:26:20   Found: arbitration-server | State: RUNNING | ID: ocid1.instance.oc1.iad.anuwcljttqo5g6qcrgapekbjjlu7lx5wfzfsfj4ijgo2wsnk2ule7q4yihqa
2026-04-20 15:26:20   Instance is RUNNING but SSH is unresponsive. Issuing soft reboot...
2026-04-20 15:26:49   Reboot issued. Waiting 90s...
2026-04-20 15:28:20   Waiting for SSH to become available...
2026-04-20 15:28:36   Waiting for SSH... attempt 1/18
2026-04-20 15:29:09   SSH up. Pulling latest code and restarting PM2...
2026-04-20 15:29:28   [PM2] Spawning PM2 daemon with pm2_home=/home/opc/.pm2
2026-04-20 20:52:14   Connection reset by 152.70.201.154 port 22
2026-04-20 20:56:27   Backend recovered successfully.
2026-04-20 21:22:56 OK - HTTP 200
2026-04-20 21:25:03 OK - HTTP 200
2026-04-20 21:27:29 OK - HTTP 200
2026-04-20 21:29:42 OK - HTTP 200
2026-04-20 21:31:43 OK - HTTP 200
2026-04-20 21:33:44 OK - HTTP 200
2026-04-20 21:35:44 OK - HTTP 200
2026-04-20 21:37:55 OK - HTTP 200
2026-04-20 21:39:56 OK - HTTP 200
2026-04-20 21:41:59 OK - HTTP 200
2026-04-20 21:44:02 OK - HTTP 200
2026-04-20 21:46:04 OK - HTTP 200
2026-04-20 21:48:05 OK - HTTP 200
2026-04-20 21:51:25 OK - HTTP 200
2026-04-20 21:53:34 OK - HTTP 200
2026-04-20 21:55:38 OK - HTTP 200
2026-04-20 21:57:50 OK - HTTP 200
2026-04-20 22:04:59 OK - HTTP 200
2026-04-20 22:07:10 OK - HTTP 200
2026-04-20 22:09:12 OK - HTTP 200
2026-04-20 22:15:02 OK - HTTP 200
2026-04-20 22:17:21 OK - HTTP 200
2026-04-20 22:19:23 OK - HTTP 200
2026-04-20 22:21:23 OK - HTTP 200
2026-04-20 22:23:27 OK - HTTP 200
2026-04-20 22:25:34 OK - HTTP 200
