2026-04-19 16:38:08 Watchdog started. Checking http://152.70.201.154:3000/api/health every 30 seconds.
2026-04-19 16:38:08 OK - HTTP 200
2026-04-19 16:38:39 OK - HTTP 200
2026-04-19 16:39:09 OK - HTTP 200
2026-04-19 16:39:39 OK - HTTP 200
2026-04-19 16:40:10 OK - HTTP 200
2026-04-19 16:40:40 OK - HTTP 200
2026-04-19 16:41:10 OK - HTTP 200
2026-04-19 16:41:40 OK - HTTP 200
2026-04-19 16:42:10 OK - HTTP 200
2026-04-19 16:42:40 OK - HTTP 200
2026-04-19 16:43:11 OK - HTTP 200
2026-04-19 16:43:41 OK - HTTP 200
2026-04-19 16:44:13 OK - HTTP 200
2026-04-19 16:44:46 OK - HTTP 200
2026-04-19 16:45:17 OK - HTTP 200
2026-04-19 16:45:57 Server down (The operation has timed out.) - attempting restart...
2026-04-19 16:46:07   Waiting for SSH... (0/20)
2026-04-19 16:46:32   Waiting for SSH... (1/20)
2026-04-19 16:46:57   Waiting for SSH... (2/20)
2026-04-19 16:47:23   Waiting for SSH... (3/20)
2026-04-19 16:47:48   Waiting for SSH... (4/20)
2026-04-19 16:48:13   Waiting for SSH... (5/20)
2026-04-19 16:48:38   Waiting for SSH... (6/20)
2026-04-19 16:49:03   Waiting for SSH... (7/20)
2026-04-19 16:49:28   Waiting for SSH... (8/20)
2026-04-19 16:49:54   Waiting for SSH... (9/20)
2026-04-19 16:50:19   Waiting for SSH... (10/20)
2026-04-19 16:50:44   Waiting for SSH... (11/20)
2026-04-19 16:51:09   Waiting for SSH... (12/20)
2026-04-19 16:51:34   Waiting for SSH... (13/20)
2026-04-19 16:51:59   Waiting for SSH... (14/20)
2026-04-19 16:52:24   Waiting for SSH... (15/20)
2026-04-19 16:52:51   Waiting for SSH... (16/20)
2026-04-19 16:53:16   Waiting for SSH... (17/20)
2026-04-19 16:53:41   Waiting for SSH... (18/20)
2026-04-19 16:54:07   Waiting for SSH... (19/20)
2026-04-19 16:54:22 SSH unreachable - VM may still be booting.
2026-04-19 16:55:02 Server down (The operation has timed out.) - attempting restart...
2026-04-19 16:55:13   Waiting for SSH... (0/20)
2026-04-19 16:55:37   Waiting for SSH... (1/20)
2026-04-19 16:55:53   Waiting for SSH... (2/20)
2026-04-19 16:56:09   Waiting for SSH... (3/20)
2026-04-19 16:56:29   Waiting for SSH... (4/20)
2026-04-19 16:56:45   Waiting for SSH... (5/20)
2026-04-19 16:57:03   Waiting for SSH... (6/20)
2026-04-19 16:57:19   Waiting for SSH... (7/20)
2026-04-19 16:57:35   Waiting for SSH... (8/20)
2026-04-19 16:57:51   Waiting for SSH... (9/20)
2026-04-19 16:58:08   Waiting for SSH... (10/20)
2026-04-19 16:58:24   Waiting for SSH... (11/20)
2026-04-19 16:58:40   Waiting for SSH... (12/20)
2026-04-19 16:58:56   Waiting for SSH... (13/20)
2026-04-19 16:59:12   Waiting for SSH... (14/20)
2026-04-19 16:59:28   Waiting for SSH... (15/20)
2026-04-19 16:59:44   Waiting for SSH... (16/20)
2026-04-19 17:00:00   Waiting for SSH... (17/20)
2026-04-19 17:00:16   Waiting for SSH... (18/20)
2026-04-19 17:00:32   Waiting for SSH... (19/20)
2026-04-19 17:00:47 SSH unreachable - VM may still be booting.
2026-04-19 17:01:18 OK - HTTP 200
2026-04-19 17:01:48 OK - HTTP 200
2026-04-19 17:02:18 OK - HTTP 200
2026-04-19 17:02:48 OK - HTTP 200
2026-04-19 17:03:19 OK - HTTP 200
2026-04-19 17:03:49 OK - HTTP 200
2026-04-19 17:04:03 Watchdog started. Checking http://152.70.201.154:3000/api/health every 30 seconds.
2026-04-19 17:04:03 OK - HTTP 200
2026-04-19 17:04:20 OK - HTTP 200
2026-04-19 17:04:34 OK - HTTP 200
2026-04-19 17:04:50 OK - HTTP 200
2026-04-19 17:05:04 OK - HTTP 200
2026-04-19 17:05:20 OK - HTTP 200
2026-04-19 17:05:34 OK - HTTP 200
2026-04-19 17:05:50 OK - HTTP 200
2026-04-19 17:06:05 OK - HTTP 200
2026-04-19 17:06:21 OK - HTTP 200
2026-04-19 17:06:35 OK - HTTP 200
2026-04-19 17:06:51 OK - HTTP 200
2026-04-19 17:07:05 OK - HTTP 200
2026-04-19 17:07:21 OK - HTTP 200
2026-04-19 17:07:35 OK - HTTP 200
2026-04-19 17:07:51 OK - HTTP 200
2026-04-19 17:08:06 OK - HTTP 200
2026-04-19 17:08:22 OK - HTTP 200
2026-04-19 17:08:36 OK - HTTP 200
2026-04-19 17:08:52 OK - HTTP 200
2026-04-19 17:09:06 OK - HTTP 200
2026-04-19 17:09:22 OK - HTTP 200
2026-04-19 17:09:36 OK - HTTP 200
2026-04-19 17:09:52 OK - HTTP 200
2026-04-19 17:10:07 OK - HTTP 200
2026-04-19 17:10:22 OK - HTTP 200
2026-04-19 17:10:37 OK - HTTP 200
2026-04-19 17:10:53 OK - HTTP 200
2026-04-19 17:11:07 OK - HTTP 200
2026-04-19 17:11:23 OK - HTTP 200
2026-04-19 17:11:37 OK - HTTP 200
2026-04-19 17:11:53 OK - HTTP 200
2026-04-19 17:12:08 OK - HTTP 200
2026-04-19 17:12:23 OK - HTTP 200
2026-04-19 17:12:38 OK - HTTP 200
2026-04-19 17:12:53 OK - HTTP 200
2026-04-19 17:13:08 OK - HTTP 200
2026-04-19 17:13:24 OK - HTTP 200
2026-04-19 17:13:38 OK - HTTP 200
2026-04-19 17:13:54 OK - HTTP 200
2026-04-19 17:14:08 OK - HTTP 200
2026-04-19 17:14:24 OK - HTTP 200
2026-04-19 17:14:39 OK - HTTP 200
2026-04-19 17:14:54 OK - HTTP 200
2026-04-19 17:15:09 OK - HTTP 200
2026-04-19 17:15:25 OK - HTTP 200
2026-04-19 17:15:39 OK - HTTP 200
2026-04-19 17:15:55 OK - HTTP 200
2026-04-19 17:16:09 OK - HTTP 200
2026-04-19 17:16:25 OK - HTTP 200
2026-04-19 17:16:40 OK - HTTP 200
2026-04-19 17:16:55 OK - HTTP 200
2026-04-19 17:17:10 OK - HTTP 200
2026-04-19 17:17:26 OK - HTTP 200
2026-04-19 17:17:41 OK - HTTP 200
2026-04-19 17:17:56 OK - HTTP 200
2026-04-19 17:18:11 OK - HTTP 200
2026-04-19 17:18:26 OK - HTTP 200
2026-04-19 17:18:41 OK - HTTP 200
2026-04-19 17:18:56 OK - HTTP 200
2026-04-19 17:19:11 OK - HTTP 200
2026-04-19 17:19:27 OK - HTTP 200
2026-04-19 17:19:41 OK - HTTP 200
2026-04-19 17:19:57 OK - HTTP 200
2026-04-19 17:20:12 OK - HTTP 200
2026-04-19 17:20:27 OK - HTTP 200
2026-04-19 17:20:42 OK - HTTP 200
2026-04-19 17:20:57 OK - HTTP 200
2026-04-19 17:21:12 OK - HTTP 200
2026-04-19 17:21:27 OK - HTTP 200
2026-04-19 17:21:43 OK - HTTP 200
2026-04-19 17:21:58 OK - HTTP 200
2026-04-19 17:22:13 OK - HTTP 200
2026-04-19 17:22:28 OK - HTTP 200
2026-04-19 17:22:43 OK - HTTP 200
2026-04-19 17:22:59 OK - HTTP 200
2026-04-19 17:23:13 OK - HTTP 200
2026-04-19 17:23:29 OK - HTTP 200
2026-04-19 17:23:43 OK - HTTP 200
2026-04-19 17:23:59 OK - HTTP 200
2026-04-19 17:24:14 OK - HTTP 200
2026-04-19 17:24:29 OK - HTTP 200
2026-04-19 17:24:44 OK - HTTP 200
2026-04-19 17:25:00 OK - HTTP 200
2026-04-19 17:25:14 OK - HTTP 200
2026-04-19 17:25:30 OK - HTTP 200
2026-04-19 17:25:45 OK - HTTP 200
2026-04-19 17:26:00 OK - HTTP 200
2026-04-19 17:26:15 OK - HTTP 200
2026-04-19 17:26:30 OK - HTTP 200
2026-04-19 17:26:47 OK - HTTP 200
2026-04-19 17:27:00 OK - HTTP 200
2026-04-19 17:27:17 OK - HTTP 200
2026-04-19 17:27:30 OK - HTTP 200
2026-04-19 17:27:47 OK - HTTP 200
2026-04-19 17:28:01 OK - HTTP 200
2026-04-19 17:28:17 OK - HTTP 200
2026-04-19 17:28:31 OK - HTTP 200
2026-04-19 17:28:47 OK - HTTP 200
2026-04-19 17:29:01 OK - HTTP 200
2026-04-19 17:29:18 OK - HTTP 200
2026-04-19 17:29:31 OK - HTTP 200
2026-04-19 17:29:49 OK - HTTP 200
2026-04-19 17:30:01 OK - HTTP 200
2026-04-19 17:30:19 OK - HTTP 200
2026-04-19 17:30:31 OK - HTTP 200
2026-04-19 17:30:49 OK - HTTP 200
2026-04-19 17:31:02 OK - HTTP 200
2026-04-19 17:31:19 OK - HTTP 200
2026-04-19 17:31:32 OK - HTTP 200
2026-04-19 17:31:49 OK - HTTP 200
2026-04-19 17:32:02 OK - HTTP 200
2026-04-19 17:32:20 OK - HTTP 200
2026-04-19 17:32:32 OK - HTTP 200
2026-04-19 17:32:50 OK - HTTP 200
2026-04-19 17:33:02 OK - HTTP 200
2026-04-19 17:33:20 OK - HTTP 200
2026-04-19 17:33:32 OK - HTTP 200
2026-04-19 17:33:50 OK - HTTP 200
2026-04-19 17:34:02 OK - HTTP 200
2026-04-19 17:34:20 OK - HTTP 200
2026-04-19 17:34:33 OK - HTTP 200
2026-04-19 17:34:50 OK - HTTP 200
2026-04-19 17:35:03 OK - HTTP 200
2026-04-19 17:35:21 OK - HTTP 200
2026-04-19 17:35:33 OK - HTTP 200
2026-04-19 17:35:51 OK - HTTP 200
2026-04-19 17:36:03 OK - HTTP 200
2026-04-19 17:36:21 OK - HTTP 200
2026-04-19 17:36:33 OK - HTTP 200
2026-04-19 17:36:51 OK - HTTP 200
2026-04-19 17:37:03 OK - HTTP 200
2026-04-19 17:37:22 OK - HTTP 200
2026-04-19 17:37:33 OK - HTTP 200
2026-04-19 17:37:54 OK - HTTP 200
2026-04-19 17:38:03 OK - HTTP 200
2026-04-19 17:38:25 OK - HTTP 200
2026-04-19 17:38:33 OK - HTTP 200
2026-04-19 17:38:55 OK - HTTP 200
2026-04-19 17:39:03 OK - HTTP 200
2026-04-19 17:39:26 OK - HTTP 200
2026-04-19 17:39:34 OK - HTTP 200
2026-04-19 17:39:56 OK - HTTP 200
2026-04-19 17:40:04 OK - HTTP 200
2026-04-19 17:40:30 OK - HTTP 200
2026-04-19 17:40:34 OK - HTTP 200
2026-04-19 17:41:03 OK - HTTP 200
2026-04-19 17:54:28 Server down (Unable to connect to the remote server) - attempting restart...
2026-04-19 18:04:02 OK - HTTP 200
2026-04-19 18:16:06 OK - HTTP 200
2026-04-19 18:18:02 OK - HTTP 200
2026-04-19 18:18:32 OK - HTTP 200
2026-04-19 18:18:51 OK - HTTP 200
2026-04-19 18:19:02 OK - HTTP 200
2026-04-19 18:19:28 OK - HTTP 200
2026-04-19 18:19:32 OK - HTTP 200
2026-04-19 18:19:58 OK - HTTP 200
2026-04-19 18:20:02 OK - HTTP 200
2026-04-19 18:20:28 OK - HTTP 200
2026-04-19 18:20:32 OK - HTTP 200
2026-04-19 18:20:59 OK - HTTP 200
2026-04-19 18:21:02 OK - HTTP 200
2026-04-19 18:21:29 OK - HTTP 200
2026-04-19 18:21:32 OK - HTTP 200
2026-04-19 18:21:59 OK - HTTP 200
2026-04-19 18:22:02 OK - HTTP 200
2026-04-19 18:22:29 OK - HTTP 200
2026-04-19 18:22:32 OK - HTTP 200
2026-04-19 18:22:59 OK - HTTP 200
2026-04-19 18:23:03 OK - HTTP 200
2026-04-19 18:23:29 OK - HTTP 200
2026-04-19 18:23:33 OK - HTTP 200
2026-04-19 18:24:00 OK - HTTP 200
2026-04-19 18:24:03 OK - HTTP 200
2026-04-19 18:24:30 OK - HTTP 200
2026-04-19 18:24:33 OK - HTTP 200
2026-04-19 18:25:00 OK - HTTP 200
2026-04-19 18:25:03 OK - HTTP 200
2026-04-19 18:25:30 OK - HTTP 200
2026-04-19 18:25:40 OK - HTTP 200
2026-04-19 18:26:00 OK - HTTP 200
2026-04-19 18:26:10 OK - HTTP 200
2026-04-19 18:26:31 OK - HTTP 200
2026-04-19 18:26:40 OK - HTTP 200
2026-04-19 18:27:01 OK - HTTP 200
2026-04-19 18:27:10 OK - HTTP 200
2026-04-19 18:27:31 OK - HTTP 200
2026-04-19 18:27:41 OK - HTTP 200
2026-04-19 18:28:01 OK - HTTP 200
2026-04-19 18:28:11 OK - HTTP 200
2026-04-19 18:28:32 OK - HTTP 200
2026-04-19 18:28:41 OK - HTTP 200
2026-04-19 18:29:02 OK - HTTP 200
2026-04-19 18:29:11 OK - HTTP 200
2026-04-19 18:36:03 Server down (The operation has timed out.) - attempting restart...
2026-04-19 18:41:39 Server down (Unable to connect to the remote server) - attempting restart...
2026-04-19 18:55:25 OK - HTTP 200
2026-04-19 18:55:55 OK - HTTP 200
2026-04-19 19:00:39 Server down (Unable to connect to the remote server) - attempting restart...
2026-04-19 19:09:46 OK - HTTP 200
2026-04-19 19:10:25 OK - HTTP 200
2026-04-19 19:10:55 OK - HTTP 200
2026-04-19 19:11:21 OK - HTTP 200
2026-04-19 19:11:26 OK - HTTP 200
2026-04-19 19:11:56 OK - HTTP 200
2026-04-19 19:11:57 OK - HTTP 200
2026-04-19 19:12:27 OK - HTTP 200
2026-04-19 19:12:27 OK - HTTP 200
2026-04-19 19:12:57 OK - HTTP 200
2026-04-19 19:12:57 OK - HTTP 200
2026-04-19 19:13:27 OK - HTTP 200
2026-04-19 19:13:27 OK - HTTP 200
2026-04-19 19:13:57 OK - HTTP 200
2026-04-19 19:13:57 OK - HTTP 200
2026-04-19 19:14:27 OK - HTTP 200
2026-04-19 19:14:28 OK - HTTP 200
2026-04-19 19:14:57 OK - HTTP 200
2026-04-19 19:14:58 OK - HTTP 200
2026-04-19 19:15:27 OK - HTTP 200
2026-04-19 19:15:28 OK - HTTP 200
2026-04-19 19:23:16 Server down (Unable to connect to the remote server) - attempting restart...
2026-04-19 19:32:14 Server down (Unable to connect to the remote server) - attempting restart...
2026-04-19 19:45:15 Server down (Unable to connect to the remote server) - attempting restart...
2026-04-19 20:00:44 Server down (Unable to connect to the remote server) - attempting restart...
2026-04-19 20:04:40 OK - HTTP 200
2026-04-19 20:04:56 OK - HTTP 200
2026-04-19 20:05:10 OK - HTTP 200
2026-04-19 20:05:34 OK - HTTP 200
2026-04-19 20:05:40 OK - HTTP 200
2026-04-19 20:06:07 OK - HTTP 200
2026-04-19 20:06:10 OK - HTTP 200
2026-04-19 20:06:38 OK - HTTP 200
2026-04-19 20:06:40 OK - HTTP 200
2026-04-19 20:07:08 OK - HTTP 200
2026-04-19 20:07:11 OK - HTTP 200
2026-04-19 20:07:38 OK - HTTP 200
2026-04-19 20:07:41 OK - HTTP 200
2026-04-19 20:08:08 OK - HTTP 200
2026-04-19 20:08:11 OK - HTTP 200
2026-04-19 20:08:38 OK - HTTP 200
2026-04-19 20:08:41 OK - HTTP 200
2026-04-19 20:09:08 OK - HTTP 200
2026-04-19 20:09:11 OK - HTTP 200
2026-04-19 20:09:42 OK - HTTP 200
2026-04-19 20:09:39 OK - HTTP 200
2026-04-19 20:10:12 OK - HTTP 200
2026-04-19 20:10:15 OK - HTTP 200
2026-04-19 20:10:42 OK - HTTP 200
2026-04-19 20:10:54 OK - HTTP 200
2026-04-19 20:24:20 Server down (Unable to connect to the remote server) - attempting restart...
2026-04-19 20:31:52 OK - HTTP 200
2026-04-19 20:44:51 Server down (Unable to connect to the remote server) - attempting restart...
2026-04-19 20:59:21 Server down (Unable to connect to the remote server) - attempting restart...
2026-04-19 21:11:15 OK - HTTP 200
2026-04-19 21:11:36 OK - HTTP 200
2026-04-19 21:11:45 OK - HTTP 200
2026-04-19 21:12:07 OK - HTTP 200
2026-04-19 21:12:15 OK - HTTP 200
2026-04-19 21:14:51 Server down (Unable to connect to the remote server) - attempting restart...
2026-04-19 21:23:57 OK - HTTP 200
2026-04-19 21:31:46 OK - HTTP 200
2026-04-19 21:31:48 OK - HTTP 200
2026-04-19 21:32:16 OK - HTTP 200
2026-04-19 21:32:18 OK - HTTP 200
2026-04-19 21:32:46 OK - HTTP 200
2026-04-19 21:32:48 OK - HTTP 200
2026-04-19 21:33:16 OK - HTTP 200
2026-04-19 21:33:18 OK - HTTP 200
2026-04-19 21:33:47 OK - HTTP 200
2026-04-19 21:33:49 OK - HTTP 200
2026-04-19 21:34:17 OK - HTTP 200
2026-04-19 21:34:19 OK - HTTP 200
2026-04-19 21:34:47 OK - HTTP 200
2026-04-19 21:34:49 OK - HTTP 200
2026-04-19 21:35:17 OK - HTTP 200
2026-04-19 21:35:19 OK - HTTP 200
2026-04-19 21:35:47 OK - HTTP 200
2026-04-19 21:35:49 OK - HTTP 200
2026-04-19 21:36:17 OK - HTTP 200
2026-04-19 21:36:19 OK - HTTP 200
2026-04-19 21:36:48 OK - HTTP 200
2026-04-19 21:36:50 OK - HTTP 200
2026-04-19 21:37:18 OK - HTTP 200
2026-04-19 21:37:20 OK - HTTP 200
2026-04-19 21:37:48 OK - HTTP 200
2026-04-19 21:37:50 OK - HTTP 200
2026-04-19 21:38:18 OK - HTTP 200
2026-04-19 21:38:20 OK - HTTP 200
2026-04-19 21:38:48 OK - HTTP 200
2026-04-19 21:38:50 OK - HTTP 200
2026-04-19 21:39:18 OK - HTTP 200
2026-04-19 21:41:04 OK - HTTP 200
2026-04-19 21:41:10 OK - HTTP 200
2026-04-19 21:41:35 OK - HTTP 200
2026-04-19 21:41:40 OK - HTTP 200
2026-04-19 21:42:10 OK - HTTP 200
2026-04-19 21:42:11 OK - HTTP 200
2026-04-19 21:42:41 OK - HTTP 200
2026-04-19 21:42:42 OK - HTTP 200
2026-04-19 21:43:11 OK - HTTP 200
2026-04-19 21:43:12 OK - HTTP 200
2026-04-19 21:43:41 OK - HTTP 200
2026-04-19 21:43:42 OK - HTTP 200
2026-04-19 21:44:11 OK - HTTP 200
2026-04-19 21:44:12 OK - HTTP 200
2026-04-19 21:44:42 OK - HTTP 200
2026-04-19 21:44:43 OK - HTTP 200
2026-04-19 21:45:12 OK - HTTP 200
2026-04-19 21:45:13 OK - HTTP 200
2026-04-19 21:45:42 OK - HTTP 200
2026-04-19 21:45:43 OK - HTTP 200
2026-04-19 21:46:13 OK - HTTP 200
2026-04-19 21:46:13 OK - HTTP 200
2026-04-19 21:46:43 OK - HTTP 200
2026-04-19 21:46:44 OK - HTTP 200
2026-04-19 21:47:13 OK - HTTP 200
2026-04-19 21:47:14 OK - HTTP 200
2026-04-19 21:47:43 OK - HTTP 200
2026-04-19 21:47:46 OK - HTTP 200
2026-04-19 21:48:13 OK - HTTP 200
2026-04-19 21:48:16 OK - HTTP 200
2026-04-19 21:48:44 OK - HTTP 200
2026-04-19 21:48:46 OK - HTTP 200
2026-04-19 21:49:14 OK - HTTP 200
2026-04-19 21:49:17 OK - HTTP 200
2026-04-19 21:49:44 OK - HTTP 200
2026-04-19 21:49:47 OK - HTTP 200
2026-04-19 21:50:15 OK - HTTP 200
2026-04-19 21:50:17 OK - HTTP 200
2026-04-19 21:50:45 OK - HTTP 200
2026-04-19 21:50:47 OK - HTTP 200
2026-04-19 21:51:15 OK - HTTP 200
2026-04-19 21:51:18 OK - HTTP 200
2026-04-19 21:51:45 OK - HTTP 200
2026-04-19 21:51:48 OK - HTTP 200
2026-04-19 21:52:15 OK - HTTP 200
2026-04-19 21:52:18 OK - HTTP 200
2026-04-19 21:52:46 OK - HTTP 200
2026-04-19 21:52:48 OK - HTTP 200
2026-04-19 21:53:16 OK - HTTP 200
2026-04-19 21:53:20 OK - HTTP 200
2026-04-19 21:53:46 OK - HTTP 200
2026-04-19 21:53:50 OK - HTTP 200
2026-04-19 21:54:16 OK - HTTP 200
2026-04-19 21:54:20 OK - HTTP 200
2026-04-19 21:54:47 OK - HTTP 200
2026-04-19 21:54:50 OK - HTTP 200
2026-04-19 21:55:19 OK - HTTP 200
2026-04-19 21:55:21 OK - HTTP 200
2026-04-19 21:55:49 OK - HTTP 200
2026-04-19 21:55:51 OK - HTTP 200
2026-04-19 21:56:19 OK - HTTP 200
2026-04-19 21:56:21 OK - HTTP 200
2026-04-19 21:56:49 OK - HTTP 200
2026-04-19 21:56:55 OK - HTTP 200
2026-04-19 21:57:20 OK - HTTP 200
2026-04-19 21:57:26 OK - HTTP 200
2026-04-19 21:57:50 OK - HTTP 200
2026-04-19 21:57:58 OK - HTTP 200
2026-04-19 21:58:20 OK - HTTP 200
2026-04-19 21:58:28 OK - HTTP 200
2026-04-19 21:58:50 OK - HTTP 200
2026-04-19 21:58:58 OK - HTTP 200
2026-04-19 21:59:20 OK - HTTP 200
2026-04-19 21:59:28 OK - HTTP 200
2026-04-19 21:59:51 OK - HTTP 200
2026-04-19 21:59:59 OK - HTTP 200
2026-04-19 22:00:21 OK - HTTP 200
2026-04-19 22:00:30 OK - HTTP 200
2026-04-19 22:00:51 OK - HTTP 200
2026-04-19 22:01:01 OK - HTTP 200
2026-04-19 22:01:22 OK - HTTP 200
2026-04-19 22:01:31 OK - HTTP 200
2026-04-19 22:01:54 OK - HTTP 200
2026-04-19 22:02:01 OK - HTTP 200
2026-04-19 22:02:25 OK - HTTP 200
2026-04-19 22:02:31 OK - HTTP 200
2026-04-19 22:02:56 OK - HTTP 200
2026-04-19 22:03:04 OK - HTTP 200
2026-04-19 22:03:26 OK - HTTP 200
2026-04-19 22:03:34 OK - HTTP 200
2026-04-19 22:03:56 OK - HTTP 200
2026-04-19 22:04:04 OK - HTTP 200
2026-04-19 22:04:27 OK - HTTP 200
2026-04-19 22:04:34 OK - HTTP 200
2026-04-19 22:04:59 OK - HTTP 200
2026-04-19 22:05:07 OK - HTTP 200
2026-04-19 22:05:29 OK - HTTP 200
2026-04-19 22:05:37 OK - HTTP 200
2026-04-19 22:06:00 OK - HTTP 200
2026-04-19 22:06:08 OK - HTTP 200
2026-04-19 22:06:31 OK - HTTP 200
2026-04-19 22:06:45 OK - HTTP 200
2026-04-19 22:07:02 OK - HTTP 200
2026-04-19 22:07:16 OK - HTTP 200
2026-04-19 22:07:32 OK - HTTP 200
2026-04-19 22:07:46 OK - HTTP 200
2026-04-19 22:08:02 OK - HTTP 200
2026-04-19 22:08:17 OK - HTTP 200
2026-04-19 22:08:32 OK - HTTP 200
2026-04-19 22:08:47 OK - HTTP 200
2026-04-19 22:09:02 OK - HTTP 200
2026-04-19 22:09:18 OK - HTTP 200
2026-04-19 22:09:33 OK - HTTP 200
2026-04-19 22:09:49 OK - HTTP 200
2026-04-19 22:10:03 OK - HTTP 200
2026-04-19 22:10:19 OK - HTTP 200
2026-04-19 22:10:33 OK - HTTP 200
2026-04-19 22:10:49 OK - HTTP 200
2026-04-19 22:11:03 OK - HTTP 200
2026-04-19 22:11:19 OK - HTTP 200
2026-04-19 22:11:33 OK - HTTP 200
2026-04-19 22:11:50 OK - HTTP 200
2026-04-19 22:12:04 OK - HTTP 200
2026-04-19 22:12:21 OK - HTTP 200
2026-04-19 22:12:34 OK - HTTP 200
2026-04-19 22:12:51 OK - HTTP 200
2026-04-19 22:13:04 OK - HTTP 200
2026-04-19 22:13:22 OK - HTTP 200
2026-04-19 22:13:34 OK - HTTP 200
2026-04-19 22:13:52 OK - HTTP 200
2026-04-19 22:14:05 OK - HTTP 200
2026-04-19 22:14:22 OK - HTTP 200
2026-04-19 22:14:37 OK - HTTP 200
2026-04-19 22:14:54 OK - HTTP 200
2026-04-19 22:15:07 OK - HTTP 200
2026-04-19 22:15:24 OK - HTTP 200
2026-04-19 22:15:37 OK - HTTP 200
2026-04-19 22:15:55 OK - HTTP 200
2026-04-19 22:16:07 OK - HTTP 200
2026-04-19 22:16:25 OK - HTTP 200
2026-04-19 22:16:38 OK - HTTP 200
2026-04-19 22:16:56 OK - HTTP 200
2026-04-19 22:17:09 OK - HTTP 200
2026-04-19 22:17:26 OK - HTTP 200
2026-04-19 22:17:39 OK - HTTP 200
2026-04-19 22:17:57 OK - HTTP 200
2026-04-19 22:18:09 OK - HTTP 200
2026-04-19 22:18:27 OK - HTTP 200
2026-04-19 22:18:39 OK - HTTP 200
2026-04-19 22:18:57 OK - HTTP 200
2026-04-19 22:19:09 OK - HTTP 200
2026-04-19 22:19:27 OK - HTTP 200
2026-04-19 22:19:40 OK - HTTP 200
2026-04-19 22:19:58 OK - HTTP 200
2026-04-19 22:20:10 OK - HTTP 200
2026-04-19 22:20:28 OK - HTTP 200
2026-04-19 22:20:40 OK - HTTP 200
2026-04-19 22:20:58 OK - HTTP 200
2026-04-19 22:21:11 OK - HTTP 200
2026-04-19 22:21:29 OK - HTTP 200
2026-04-19 22:21:41 OK - HTTP 200
2026-04-19 22:21:59 OK - HTTP 200
2026-04-19 22:22:11 OK - HTTP 200
2026-04-19 22:22:29 OK - HTTP 200
2026-04-19 22:22:41 OK - HTTP 200
2026-04-19 22:23:00 OK - HTTP 200
2026-04-19 22:23:13 OK - HTTP 200
2026-04-19 22:23:31 OK - HTTP 200
2026-04-19 22:23:44 OK - HTTP 200
2026-04-19 22:24:04 OK - HTTP 200
2026-04-19 22:24:24 Server down (The operation has timed out.) - attempting restart...
2026-04-19 22:24:34   Waiting for SSH... (0/20)
2026-04-19 22:24:44 Server down (The operation has timed out.) - attempting restart...
2026-04-19 22:24:59   Waiting for SSH... (1/20)
2026-04-19 22:25:24 Server down (The operation has timed out.) - attempting restart...
2026-04-19 22:25:24   Waiting for SSH... (2/20)
2026-04-19 22:25:50   Waiting for SSH... (3/20)
2026-04-19 22:26:04 Server down (The operation has timed out.) - attempting restart...
2026-04-19 22:26:15   Waiting for SSH... (4/20)
2026-04-19 22:26:40   Waiting for SSH... (5/20)
2026-04-19 22:26:44 Server down (The operation has timed out.) - attempting restart...
2026-04-19 22:27:25 Server down (The operation has timed out.) - attempting restart...
2026-04-19 22:28:05 Server down (The operation has timed out.) - attempting restart...
2026-04-19 22:28:45 Server down (The operation has timed out.) - attempting restart...
2026-04-19 22:29:26 Server down (The operation has timed out.) - attempting restart...
2026-04-19 22:30:06 Server down (The operation has timed out.) - attempting restart...
2026-04-19 22:30:46 Server down (The operation has timed out.) - attempting restart...
2026-04-19 22:31:26 Server down (The operation has timed out.) - attempting restart...
2026-04-19 22:32:06 Server down (The operation has timed out.) - attempting restart...
2026-04-19 22:32:46 Server down (The operation has timed out.) - attempting restart...
2026-04-19 22:33:26 Server down (The operation has timed out.) - attempting restart...
2026-04-19 22:34:06 Server down (The operation has timed out.) - attempting restart...
2026-04-19 22:34:46 Server down (The operation has timed out.) - attempting restart...
2026-04-19 22:35:31 Server down (Unable to connect to the remote server) - attempting restart...
2026-04-19 22:42:27 Server down (Unable to connect to the remote server) - attempting restart...
2026-04-19 22:51:33 Server down (Unable to connect to the remote server) - attempting restart...
2026-04-19 23:05:02 Server down (Unable to connect to the remote server) - attempting restart...
2026-04-19 23:18:33 Server down (Unable to connect to the remote server) - attempting restart...
2026-04-19 23:33:33 Server down (Unable to connect to the remote server) - attempting restart...
2026-04-19 23:44:33 Server down (Unable to connect to the remote server) - attempting restart...
2026-04-19 23:59:33 Server down (Unable to connect to the remote server) - attempting restart...
2026-04-20 00:09:08 OK - HTTP 200
2026-04-20 00:22:09 Server down (Unable to connect to the remote server) - attempting restart...
2026-04-20 00:36:39 Server down (Unable to connect to the remote server) - attempting restart...
2026-04-20 00:40:32 OK - HTTP 200
2026-04-20 00:41:02 OK - HTTP 200
2026-04-20 00:54:09 Server down (Unable to connect to the remote server) - attempting restart...
2026-04-20 01:08:39 Server down (Unable to connect to the remote server) - attempting restart...
2026-04-20 01:22:40 Server down (Unable to connect to the remote server) - attempting restart...
2026-04-20 01:37:09 Server down (Unable to connect to the remote server) - attempting restart...
2026-04-20 01:50:40 Server down (Unable to connect to the remote server) - attempting restart...
2026-04-20 02:05:39 OK - HTTP 200
2026-04-20 02:20:40 Server down (Unable to connect to the remote server) - attempting restart...
2026-04-20 02:33:10 Server down (Unable to connect to the remote server) - attempting restart...
2026-04-20 02:46:40 OK - HTTP 200
2026-04-20 03:01:10 Server down (Unable to connect to the remote server) - attempting restart...
2026-04-20 03:11:42 Server down (The operation has timed out.) - attempting restart...
2026-04-20 03:13:41 Server down (Unable to connect to the remote server) - attempting restart...
2026-04-20 03:27:38 OK - HTTP 200
2026-04-20 03:38:16 OK - HTTP 200
2026-04-20 03:51:17 Server down (Unable to connect to the remote server) - attempting restart...
2026-04-20 04:05:46 Server down (Unable to connect to the remote server) - attempting restart...
2026-04-20 04:12:42 OK - HTTP 200
2026-04-20 04:13:12 OK - HTTP 200
2026-04-20 04:13:42 OK - HTTP 200
2026-04-20 04:14:14 OK - HTTP 200
2026-04-20 04:15:53 Server down (Unable to connect to the remote server) - attempting restart...
2026-04-20 04:31:52 Server down (Unable to connect to the remote server) - attempting restart...
2026-04-20 04:41:07 OK - HTTP 200
2026-04-20 04:41:40 OK - HTTP 200
2026-04-20 04:42:10 OK - HTTP 200
2026-04-20 04:42:40 OK - HTTP 200
2026-04-20 04:43:10 OK - HTTP 200
2026-04-20 04:43:41 OK - HTTP 200
2026-04-20 04:44:11 OK - HTTP 200
2026-04-20 04:44:41 OK - HTTP 200
2026-04-20 04:45:11 OK - HTTP 200
2026-04-20 04:45:42 OK - HTTP 200
2026-04-20 04:46:12 OK - HTTP 200
2026-04-20 04:46:42 OK - HTTP 200
2026-04-20 04:47:12 OK - HTTP 200
2026-04-20 04:47:42 OK - HTTP 200
2026-04-20 04:48:13 OK - HTTP 200
2026-04-20 04:48:43 OK - HTTP 200
2026-04-20 04:49:14 OK - HTTP 200
2026-04-20 04:49:44 OK - HTTP 200
2026-04-20 04:50:15 OK - HTTP 200
2026-04-20 04:50:45 OK - HTTP 200
2026-04-20 04:51:15 OK - HTTP 200
2026-04-20 04:51:45 OK - HTTP 200
2026-04-20 04:52:15 OK - HTTP 200
2026-04-20 04:52:45 OK - HTTP 200
2026-04-20 04:53:15 OK - HTTP 200
2026-04-20 04:53:45 OK - HTTP 200
2026-04-20 04:54:16 OK - HTTP 200
2026-04-20 04:54:46 OK - HTTP 200
2026-04-20 04:55:16 OK - HTTP 200
2026-04-20 04:55:46 OK - HTTP 200
2026-04-20 04:56:16 OK - HTTP 200
2026-04-20 04:56:46 OK - HTTP 200
2026-04-20 04:57:17 OK - HTTP 200
2026-04-20 04:57:47 OK - HTTP 200
2026-04-20 04:58:17 OK - HTTP 200
2026-04-20 04:58:47 OK - HTTP 200
2026-04-20 04:59:17 OK - HTTP 200
2026-04-20 04:59:47 OK - HTTP 200
2026-04-20 05:00:17 OK - HTTP 200
2026-04-20 05:00:48 OK - HTTP 200
2026-04-20 05:01:18 OK - HTTP 200
2026-04-20 05:01:48 OK - HTTP 200
2026-04-20 05:02:18 OK - HTTP 200
2026-04-20 05:02:48 OK - HTTP 200
2026-04-20 05:03:18 OK - HTTP 200
2026-04-20 05:03:48 OK - HTTP 200
2026-04-20 05:04:18 OK - HTTP 200
2026-04-20 05:04:49 OK - HTTP 200
2026-04-20 05:05:19 OK - HTTP 200
2026-04-20 05:05:49 OK - HTTP 200
2026-04-20 05:06:19 OK - HTTP 200
2026-04-20 05:06:49 OK - HTTP 200
2026-04-20 05:07:19 OK - HTTP 200
2026-04-20 05:07:49 OK - HTTP 200
2026-04-20 05:08:19 OK - HTTP 200
2026-04-20 05:08:50 OK - HTTP 200
2026-04-20 05:09:20 OK - HTTP 200
2026-04-20 05:09:50 OK - HTTP 200
2026-04-20 05:10:20 OK - HTTP 200
2026-04-20 05:10:50 OK - HTTP 200
2026-04-20 05:11:20 OK - HTTP 200
2026-04-20 05:11:51 OK - HTTP 200
2026-04-20 05:12:21 OK - HTTP 200
2026-04-20 05:12:51 OK - HTTP 200
2026-04-20 05:13:21 OK - HTTP 200
2026-04-20 05:13:51 OK - HTTP 200
2026-04-20 05:14:21 OK - HTTP 200
2026-04-20 05:14:51 OK - HTTP 200
2026-04-20 05:15:22 OK - HTTP 200
2026-04-20 05:15:52 OK - HTTP 200
2026-04-20 05:16:22 OK - HTTP 200
2026-04-20 05:16:52 OK - HTTP 200
2026-04-20 05:17:22 OK - HTTP 200
2026-04-20 05:17:52 OK - HTTP 200
2026-04-20 05:18:22 OK - HTTP 200
2026-04-20 05:18:52 OK - HTTP 200
2026-04-20 05:19:22 OK - HTTP 200
2026-04-20 05:19:53 OK - HTTP 200
2026-04-20 05:20:23 OK - HTTP 200
2026-04-20 05:20:53 OK - HTTP 200
2026-04-20 05:21:25 OK - HTTP 200
2026-04-20 05:21:57 OK - HTTP 200
2026-04-20 05:22:37 Server down (The operation has timed out.) - attempting restart...
2026-04-20 05:23:18 Server down (The operation has timed out.) - attempting restart...
2026-04-20 05:23:58 Server down (The operation has timed out.) - attempting restart...
2026-04-20 05:24:38 Server down (The operation has timed out.) - attempting restart...
2026-04-20 05:25:18 Server down (The operation has timed out.) - attempting restart...
2026-04-20 05:25:58 Server down (The operation has timed out.) - attempting restart...
2026-04-20 05:26:38 Server down (The operation has timed out.) - attempting restart...
2026-04-20 05:27:18 Server down (The operation has timed out.) - attempting restart...
2026-04-20 05:27:58 Server down (The operation has timed out.) - attempting restart...
2026-04-20 05:28:38 Server down (The operation has timed out.) - attempting restart...
2026-04-20 05:29:18 Server down (The operation has timed out.) - attempting restart...
2026-04-20 05:29:58 Server down (The operation has timed out.) - attempting restart...
2026-04-20 05:30:38 Server down (The operation has timed out.) - attempting restart...
2026-04-20 05:31:18 Server down (The operation has timed out.) - attempting restart...
2026-04-20 05:31:58 Server down (The operation has timed out.) - attempting restart...
2026-04-20 05:32:38 Server down (The operation has timed out.) - attempting restart...
2026-04-20 05:44:22 Server down (The operation has timed out.) - attempting restart...
2026-04-20 06:00:22 Server down (The operation has timed out.) - attempting restart...
2026-04-20 06:15:21 Server down (Unable to connect to the remote server) - attempting restart...
2026-04-20 06:29:52 Server down (Unable to connect to the remote server) - attempting restart...
2026-04-20 06:42:57 Server down (The operation has timed out.) - attempting restart...
2026-04-20 06:56:57 Server down (Unable to connect to the remote server) - attempting restart...
2026-04-20 07:11:58 Server down (Unable to connect to the remote server) - attempting restart...
2026-04-20 07:26:28 Server down (Unable to connect to the remote server) - attempting restart...
2026-04-20 07:33:34 Server down (Unable to connect to the remote server) - attempting restart...
2026-04-20 07:47:34 Server down (Unable to connect to the remote server) - attempting restart...
2026-04-20 07:55:25 OK - HTTP 200
2026-04-20 08:01:44 OK - HTTP 200
2026-04-20 08:03:55 OK - HTTP 200
2026-04-20 08:04:27 OK - HTTP 200
2026-04-20 08:05:01 OK - HTTP 200
2026-04-20 08:05:31 OK - HTTP 200
2026-04-20 08:06:02 OK - HTTP 200
2026-04-20 08:06:33 OK - HTTP 200
2026-04-20 08:07:18 OK - HTTP 200
2026-04-20 08:07:50 OK - HTTP 200
2026-04-20 08:08:30 Server down (The operation has timed out.) - attempting restart...
2026-04-20 08:09:10 Server down (The operation has timed out.) - attempting restart...
2026-04-20 08:09:51 Server down (The operation has timed out.) - attempting restart...
2026-04-20 08:10:32 Server down (The operation has timed out.) - attempting restart...
2026-04-20 08:11:12 Server down (The operation has timed out.) - attempting restart...
2026-04-20 08:11:52 Server down (The operation has timed out.) - attempting restart...
2026-04-20 08:12:32 Server down (The operation has timed out.) - attempting restart...
2026-04-20 08:13:13 Server down (The operation has timed out.) - attempting restart...
2026-04-20 08:13:53 Server down (The operation has timed out.) - attempting restart...
2026-04-20 08:14:33 Server down (The operation has timed out.) - attempting restart...
2026-04-20 08:15:13 Server down (The operation has timed out.) - attempting restart...
2026-04-20 08:15:53 Server down (The operation has timed out.) - attempting restart...
2026-04-20 08:16:33 Server down (The operation has timed out.) - attempting restart...
2026-04-20 08:17:13 Server down (The operation has timed out.) - attempting restart...
2026-04-20 08:17:54 Server down (The operation has timed out.) - attempting restart...
2026-04-20 08:18:34 Server down (The operation has timed out.) - attempting restart...
2026-04-20 08:19:14 Server down (The operation has timed out.) - attempting restart...
2026-04-20 08:19:54 Server down (The operation has timed out.) - attempting restart...
2026-04-20 08:20:34 Server down (The operation has timed out.) - attempting restart...
2026-04-20 08:21:14 Server down (The operation has timed out.) - attempting restart...
2026-04-20 08:21:54 Server down (The operation has timed out.) - attempting restart...
2026-04-20 08:22:34 Server down (The operation has timed out.) - attempting restart...
2026-04-20 08:23:14 Server down (The operation has timed out.) - attempting restart...
2026-04-20 08:23:54 Server down (The operation has timed out.) - attempting restart...
2026-04-20 08:24:34 Server down (The operation has timed out.) - attempting restart...
2026-04-20 08:25:14 Server down (The operation has timed out.) - attempting restart...
2026-04-20 08:25:56 Server down (The operation has timed out.) - attempting restart...
2026-04-20 08:26:37 Server down (The operation has timed out.) - attempting restart...
2026-04-20 08:28:06 Server down (The operation has timed out.) - attempting restart...
2026-04-20 08:40:55 Server down (Unable to connect to the remote server) - attempting restart...
2026-04-20 08:59:05 Server down (The operation has timed out.) - attempting restart...
2026-04-20 09:13:35 Server down (Unable to connect to the remote server) - attempting restart...
2026-04-20 09:28:36 OK - HTTP 200
2026-04-20 09:38:40 OK - HTTP 200
2026-04-20 09:45:05 OK - HTTP 200
2026-04-20 09:56:40 Server down (Unable to connect to the remote server) - attempting restart...
2026-04-20 10:10:54 Server down (Unable to connect to the remote server) - attempting restart...
2026-04-20 10:12:56 OK - HTTP 200
2026-04-20 10:13:44 OK - HTTP 200
2026-04-20 10:14:21 OK - HTTP 200
2026-04-20 10:14:53 OK - HTTP 200
2026-04-20 10:15:24 OK - HTTP 200
2026-04-20 10:15:54 OK - HTTP 200
2026-04-20 10:16:24 OK - HTTP 200
2026-04-20 10:16:56 OK - HTTP 200
2026-04-20 10:17:26 OK - HTTP 200
2026-04-20 10:17:57 OK - HTTP 200
2026-04-20 10:18:31 OK - HTTP 200
2026-04-20 10:19:02 OK - HTTP 200
2026-04-20 10:19:32 OK - HTTP 200
2026-04-20 10:20:03 OK - HTTP 200
2026-04-20 10:20:33 OK - HTTP 200
2026-04-20 10:21:05 OK - HTTP 200
2026-04-20 10:21:36 OK - HTTP 200
2026-04-20 10:22:06 OK - HTTP 200
2026-04-20 10:22:36 OK - HTTP 200
2026-04-20 10:23:07 OK - HTTP 200
2026-04-20 10:23:39 OK - HTTP 200
2026-04-20 10:24:09 OK - HTTP 200
2026-04-20 10:24:40 OK - HTTP 200
2026-04-20 10:25:11 OK - HTTP 200
2026-04-20 10:25:43 OK - HTTP 200
2026-04-20 10:26:14 OK - HTTP 200
2026-04-20 10:26:44 OK - HTTP 200
2026-04-20 10:27:15 OK - HTTP 200
2026-04-20 10:27:45 OK - HTTP 200
2026-04-20 10:28:15 OK - HTTP 200
2026-04-20 10:28:46 OK - HTTP 200
2026-04-20 10:29:16 OK - HTTP 200
2026-04-20 10:29:46 OK - HTTP 200
2026-04-20 10:30:27 OK - HTTP 200
2026-04-20 10:30:59 OK - HTTP 200
2026-04-20 10:31:29 OK - HTTP 200
2026-04-20 10:32:00 OK - HTTP 200
2026-04-20 10:32:30 OK - HTTP 200
2026-04-20 10:33:00 OK - HTTP 200
2026-04-20 10:33:32 OK - HTTP 200
2026-04-20 10:34:02 OK - HTTP 200
2026-04-20 10:34:32 OK - HTTP 200
2026-04-20 10:35:02 OK - HTTP 200
2026-04-20 10:35:33 OK - HTTP 200
2026-04-20 10:36:03 OK - HTTP 200
2026-04-20 10:36:33 OK - HTTP 200
2026-04-20 10:37:03 OK - HTTP 200
2026-04-20 10:37:33 OK - HTTP 200
2026-04-20 10:38:04 OK - HTTP 200
2026-04-20 10:38:34 OK - HTTP 200
2026-04-20 10:39:05 OK - HTTP 200
2026-04-20 10:39:35 OK - HTTP 200
2026-04-20 10:40:07 OK - HTTP 200
2026-04-20 10:40:43 OK - HTTP 200
2026-04-20 10:41:14 OK - HTTP 200
2026-04-20 10:41:45 OK - HTTP 200
2026-04-20 10:42:15 OK - HTTP 200
2026-04-20 10:42:46 OK - HTTP 200
2026-04-20 10:43:16 OK - HTTP 200
2026-04-20 10:43:47 OK - HTTP 200
2026-04-20 10:44:17 OK - HTTP 200
2026-04-20 10:44:47 OK - HTTP 200
2026-04-20 10:45:18 OK - HTTP 200
2026-04-20 10:45:48 OK - HTTP 200
2026-04-20 10:46:22 OK - HTTP 200
2026-04-20 10:46:54 OK - HTTP 200
2026-04-20 10:47:29 OK - HTTP 200
2026-04-20 10:47:59 OK - HTTP 200
2026-04-20 10:48:29 OK - HTTP 200
2026-04-20 10:48:59 OK - HTTP 200
2026-04-20 10:49:29 OK - HTTP 200
2026-04-20 10:50:00 OK - HTTP 200
2026-04-20 10:50:30 OK - HTTP 200
2026-04-20 10:51:00 OK - HTTP 200
2026-04-20 10:51:48 OK - HTTP 200
2026-04-20 10:52:23 OK - HTTP 200
2026-04-20 10:52:58 OK - HTTP 200
2026-04-20 10:54:09 OK - HTTP 200
2026-04-20 10:55:48 Server down (The operation has timed out.) - attempting restart...
2026-04-20 10:56:29 Server down (The operation has timed out.) - attempting restart...
2026-04-20 10:57:11 Server down (The operation has timed out.) - attempting restart...
2026-04-20 10:57:55 Server down (The operation has timed out.) - attempting restart...
2026-04-20 10:58:36 Server down (The operation has timed out.) - attempting restart...
2026-04-20 11:03:11 OK - HTTP 200
2026-04-20 11:03:46 OK - HTTP 200
2026-04-20 11:04:24 OK - HTTP 200
2026-04-20 11:04:55 OK - HTTP 200
2026-04-20 11:05:26 OK - HTTP 200
2026-04-20 11:06:06 OK - HTTP 200
2026-04-20 11:06:42 OK - HTTP 200
2026-04-20 11:07:12 OK - HTTP 200
2026-04-20 11:07:43 OK - HTTP 200
2026-04-20 11:08:13 OK - HTTP 200
2026-04-20 11:08:43 OK - HTTP 200
2026-04-20 11:09:15 OK - HTTP 200
2026-04-20 11:09:45 OK - HTTP 200
2026-04-20 11:10:15 OK - HTTP 200
2026-04-20 11:10:46 OK - HTTP 200
2026-04-20 11:11:16 OK - HTTP 200
2026-04-20 11:11:46 OK - HTTP 200
2026-04-20 11:12:17 OK - HTTP 200
2026-04-20 11:12:47 OK - HTTP 200
2026-04-20 11:13:18 OK - HTTP 200
2026-04-20 11:13:48 OK - HTTP 200
2026-04-20 11:14:18 OK - HTTP 200
2026-04-20 11:14:48 OK - HTTP 200
2026-04-20 11:15:18 OK - HTTP 200
2026-04-20 11:15:49 OK - HTTP 200
2026-04-20 11:16:33 OK - HTTP 200
2026-04-20 11:17:03 OK - HTTP 200
2026-04-20 11:17:33 OK - HTTP 200
2026-04-20 11:18:04 OK - HTTP 200
2026-04-20 11:18:34 OK - HTTP 200
2026-04-20 11:19:04 OK - HTTP 200
2026-04-20 11:19:34 OK - HTTP 200
2026-04-20 11:20:05 OK - HTTP 200
2026-04-20 11:20:35 OK - HTTP 200
2026-04-20 11:21:05 OK - HTTP 200
2026-04-20 11:21:35 OK - HTTP 200
2026-04-20 11:22:06 OK - HTTP 200
2026-04-20 11:22:36 OK - HTTP 200
2026-04-20 11:23:06 OK - HTTP 200
2026-04-20 11:23:36 OK - HTTP 200
2026-04-20 11:24:06 OK - HTTP 200
2026-04-20 11:24:36 OK - HTTP 200
2026-04-20 11:25:07 OK - HTTP 200
2026-04-20 11:25:37 OK - HTTP 200
2026-04-20 11:26:07 OK - HTTP 200
2026-04-20 11:26:37 OK - HTTP 200
2026-04-20 11:27:07 OK - HTTP 200
2026-04-20 11:27:37 OK - HTTP 200
2026-04-20 11:28:07 OK - HTTP 200
2026-04-20 11:28:37 OK - HTTP 200
2026-04-20 11:29:08 OK - HTTP 200
2026-04-20 11:29:38 OK - HTTP 200
2026-04-20 11:30:08 OK - HTTP 200
2026-04-20 11:30:38 OK - HTTP 200
2026-04-20 11:31:10 OK - HTTP 200
2026-04-20 11:31:40 OK - HTTP 200
2026-04-20 11:32:10 OK - HTTP 200
2026-04-20 11:32:41 OK - HTTP 200
2026-04-20 11:33:11 OK - HTTP 200
2026-04-20 11:33:41 OK - HTTP 200
2026-04-20 11:34:11 OK - HTTP 200
2026-04-20 11:34:41 OK - HTTP 200
2026-04-20 11:35:12 OK - HTTP 200
2026-04-20 11:35:43 OK - HTTP 200
2026-04-20 11:36:14 OK - HTTP 200
2026-04-20 11:36:45 OK - HTTP 200
2026-04-20 11:37:15 OK - HTTP 200
2026-04-20 11:37:45 OK - HTTP 200
2026-04-20 11:38:15 OK - HTTP 200
2026-04-20 11:38:45 OK - HTTP 200
2026-04-20 11:39:15 OK - HTTP 200
2026-04-20 11:39:46 OK - HTTP 200
2026-04-20 11:40:16 OK - HTTP 200
2026-04-20 11:40:46 OK - HTTP 200
2026-04-20 11:41:16 OK - HTTP 200
2026-04-20 11:41:46 OK - HTTP 200
2026-04-20 11:42:16 OK - HTTP 200
2026-04-20 11:42:46 OK - HTTP 200
2026-04-20 11:43:17 OK - HTTP 200
2026-04-20 11:43:47 OK - HTTP 200
2026-04-20 11:44:17 OK - HTTP 200
2026-04-20 11:44:48 OK - HTTP 200
2026-04-20 11:45:18 OK - HTTP 200
2026-04-20 11:45:49 OK - HTTP 200
2026-04-20 11:53:42 Server down (Unable to connect to the remote server) - attempting restart...
2026-04-20 12:02:41 Server down (The operation has timed out.) - attempting restart...
2026-04-20 12:03:31 OK - HTTP 200
2026-04-20 12:06:13 OK - HTTP 200
2026-04-20 12:08:28 OK - HTTP 200
2026-04-20 12:09:01 OK - HTTP 200
2026-04-20 12:10:07 OK - HTTP 200
2026-04-20 12:13:51 OK - HTTP 200
2026-04-20 12:14:42 OK - HTTP 200
2026-04-20 12:15:12 OK - HTTP 200
2026-04-20 12:15:42 OK - HTTP 200
2026-04-20 12:16:13 OK - HTTP 200
2026-04-20 12:16:43 OK - HTTP 200
2026-04-20 12:17:13 OK - HTTP 200
2026-04-20 12:17:43 OK - HTTP 200
2026-04-20 12:18:15 OK - HTTP 200
2026-04-20 12:18:46 OK - HTTP 200
2026-04-20 12:19:16 OK - HTTP 200
2026-04-20 12:19:46 OK - HTTP 200
2026-04-20 12:20:16 OK - HTTP 200
2026-04-20 12:20:46 OK - HTTP 200
2026-04-20 12:21:17 OK - HTTP 200
2026-04-20 12:21:47 OK - HTTP 200
2026-04-20 12:22:20 OK - HTTP 200
2026-04-20 12:23:26 OK - HTTP 200
2026-04-20 12:23:58 OK - HTTP 200
2026-04-20 12:24:28 OK - HTTP 200
2026-04-20 12:24:59 OK - HTTP 200
2026-04-20 12:25:29 OK - HTTP 200
2026-04-20 12:26:04 OK - HTTP 200
2026-04-20 12:26:35 OK - HTTP 200
2026-04-20 12:27:05 OK - HTTP 200
2026-04-20 12:27:36 OK - HTTP 200
2026-04-20 12:28:07 OK - HTTP 200
2026-04-20 12:28:37 OK - HTTP 200
2026-04-20 12:29:07 OK - HTTP 200
2026-04-20 12:29:37 OK - HTTP 200
2026-04-20 12:30:07 OK - HTTP 200
2026-04-20 12:30:37 OK - HTTP 200
2026-04-20 12:31:07 OK - HTTP 200
2026-04-20 12:31:49 OK - HTTP 200
2026-04-20 12:32:25 OK - HTTP 200
2026-04-20 12:32:55 OK - HTTP 200
2026-04-20 12:33:31 OK - HTTP 200
2026-04-20 12:34:06 OK - HTTP 200
2026-04-20 12:34:49 Server down (The operation has timed out.) - attempting restart...
2026-04-20 12:35:32 Server down (The operation has timed out.) - attempting restart...
2026-04-20 12:36:12 Server down (The operation has timed out.) - attempting restart...
2026-04-20 12:36:53 Server down (The operation has timed out.) - attempting restart...
2026-04-20 12:37:33 Server down (The operation has timed out.) - attempting restart...
2026-04-20 12:38:13 Server down (The operation has timed out.) - attempting restart...
2026-04-20 12:38:54 Server down (The operation has timed out.) - attempting restart...
2026-04-20 12:39:34 Server down (The operation has timed out.) - attempting restart...
2026-04-20 12:40:17 Server down (The operation has timed out.) - attempting restart...
2026-04-20 12:40:57 Server down (The operation has timed out.) - attempting restart...
2026-04-20 12:41:38 Server down (The operation has timed out.) - attempting restart...
2026-04-20 12:42:18 Server down (The operation has timed out.) - attempting restart...
2026-04-20 12:43:24 Server down (The operation has timed out.) - attempting restart...
2026-04-20 12:44:17 Server down (The operation has timed out.) - attempting restart...
2026-04-20 12:45:00 Server down (The operation has timed out.) - attempting restart...
2026-04-20 12:45:46 Server down (The operation has timed out.) - attempting restart...
2026-04-20 12:46:26 Server down (The operation has timed out.) - attempting restart...
2026-04-20 12:47:07 Server down (The operation has timed out.) - attempting restart...
2026-04-20 12:47:48 Server down (The operation has timed out.) - attempting restart...
2026-04-20 12:48:30 Server down (The operation has timed out.) - attempting restart...
2026-04-20 12:49:12 Server down (The operation has timed out.) - attempting restart...
2026-04-20 12:50:08 Server down (The operation has timed out.) - attempting restart...
2026-04-20 12:50:52 Server down (The operation has timed out.) - attempting restart...
2026-04-20 12:51:33 Server down (The operation has timed out.) - attempting restart...
2026-04-20 12:53:44 Server down (The operation has timed out.) - attempting restart...
2026-04-20 12:54:28 Server down (The operation has timed out.) - attempting restart...
2026-04-20 12:56:36 Server down (The operation has timed out.) - attempting restart...
2026-04-20 12:57:52 Server down (The operation has timed out.) - attempting restart...
2026-04-20 12:58:32 Server down (The operation has timed out.) - attempting restart...
2026-04-20 12:59:14 Server down (The operation has timed out.) - attempting restart...
2026-04-20 12:59:54 Server down (The operation has timed out.) - attempting restart...
2026-04-20 13:00:52 Server down (The operation has timed out.) - attempting restart...
2026-04-20 13:09:18 Server down (The operation has timed out.) - attempting restart...
2026-04-20 13:10:02 Server down (The operation has timed out.) - attempting restart...
2026-04-20 13:10:42 Server down (The operation has timed out.) - attempting restart...
2026-04-20 13:11:26 Server down (The operation has timed out.) - attempting restart...
2026-04-20 13:12:12 Server down (The operation has timed out.) - attempting restart...
2026-04-20 13:12:54 Server down (The operation has timed out.) - attempting restart...
2026-04-20 13:13:37 Server down (The operation has timed out.) - attempting restart...
2026-04-20 13:14:17 Server down (The operation has timed out.) - attempting restart...
2026-04-20 13:14:58 Server down (The operation has timed out.) - attempting restart...
2026-04-20 13:15:38 Server down (The operation has timed out.) - attempting restart...
2026-04-20 13:16:19 Server down (The operation has timed out.) - attempting restart...
2026-04-20 13:16:59 Server down (The operation has timed out.) - attempting restart...
2026-04-20 13:17:41 Server down (The operation has timed out.) - attempting restart...
2026-04-20 13:18:22 Server down (The operation has timed out.) - attempting restart...
2026-04-20 13:19:09 Server down (The operation has timed out.) - attempting restart...
2026-04-20 13:19:50 Server down (The operation has timed out.) - attempting restart...
2026-04-20 13:20:30 Server down (The operation has timed out.) - attempting restart...
2026-04-20 13:21:59 Server down (The operation has timed out.) - attempting restart...
2026-04-20 13:23:06 Server down (The operation has timed out.) - attempting restart...
2026-04-20 13:23:52 Server down (The operation has timed out.) - attempting restart...
2026-04-20 13:24:33 Server down (The operation has timed out.) - attempting restart...
2026-04-20 13:25:13 Server down (The operation has timed out.) - attempting restart...
2026-04-20 13:25:54 Server down (The operation has timed out.) - attempting restart...
2026-04-20 13:26:34 Server down (The operation has timed out.) - attempting restart...
2026-04-20 13:27:14 Server down (The operation has timed out.) - attempting restart...
2026-04-20 13:27:57 Server down (The operation has timed out.) - attempting restart...
2026-04-20 13:28:38 Server down (The operation has timed out.) - attempting restart...
2026-04-20 13:29:18 Server down (The operation has timed out.) - attempting restart...
2026-04-20 13:29:59 Server down (The operation has timed out.) - attempting restart...
2026-04-20 13:30:40 Server down (The operation has timed out.) - attempting restart...
2026-04-20 13:31:23 Server down (The operation has timed out.) - attempting restart...
2026-04-20 13:32:04 Server down (The operation has timed out.) - attempting restart...
2026-04-20 13:32:47 Server down (The operation has timed out.) - attempting restart...
2026-04-20 13:33:28 Server down (The operation has timed out.) - attempting restart...
2026-04-20 13:34:09 Server down (The operation has timed out.) - attempting restart...
2026-04-20 13:35:19 Server down (The operation has timed out.) - attempting restart...
2026-04-20 13:37:12 OK - HTTP 200
2026-04-20 13:37:52 OK - HTTP 200
2026-04-20 13:38:44 OK - HTTP 200
2026-04-20 13:39:15 OK - HTTP 200
2026-04-20 13:39:58 OK - HTTP 200
2026-04-20 13:40:28 OK - HTTP 200
2026-04-20 13:40:58 OK - HTTP 200
2026-04-20 13:41:29 OK - HTTP 200
2026-04-20 13:41:59 OK - HTTP 200
2026-04-20 13:42:30 OK - HTTP 200
2026-04-20 13:43:00 OK - HTTP 200
2026-04-20 13:43:31 OK - HTTP 200
2026-04-20 13:44:01 OK - HTTP 200
2026-04-20 13:44:36 OK - HTTP 200
2026-04-20 13:46:32 OK - HTTP 200
2026-04-20 13:47:16 OK - HTTP 200
2026-04-20 13:47:46 OK - HTTP 200
2026-04-20 13:48:16 OK - HTTP 200
2026-04-20 13:48:51 OK - HTTP 200
2026-04-20 13:49:22 OK - HTTP 200
2026-04-20 13:49:52 OK - HTTP 200
2026-04-20 13:50:22 OK - HTTP 200
2026-04-20 13:50:52 OK - HTTP 200
2026-04-20 13:51:23 OK - HTTP 200
2026-04-20 13:51:53 OK - HTTP 200
2026-04-20 13:52:23 OK - HTTP 200
2026-04-20 13:52:56 OK - HTTP 200
2026-04-20 13:53:31 OK - HTTP 200
2026-04-20 13:54:28 Server down (The operation has timed out.) - attempting restart...
2026-04-20 13:55:29 Server down (The operation has timed out.) - attempting restart...
2026-04-20 13:56:09 Server down (The operation has timed out.) - attempting restart...
2026-04-20 13:56:49 Server down (The operation has timed out.) - attempting restart...
2026-04-20 13:57:32 Server down (The operation has timed out.) - attempting restart...
2026-04-20 13:58:17 Server down (The operation has timed out.) - attempting restart...
2026-04-20 13:59:05 Server down (The operation has timed out.) - attempting restart...
2026-04-20 14:00:23 Server down (The operation has timed out.) - attempting restart...
2026-04-20 14:01:15 Server down (The operation has timed out.) - attempting restart...
2026-04-20 14:01:57 Server down (The operation has timed out.) - attempting restart...
2026-04-20 14:02:39 Server down (The operation has timed out.) - attempting restart...
2026-04-20 14:03:22 Server down (The operation has timed out.) - attempting restart...
2026-04-20 14:04:06 Server down (The operation has timed out.) - attempting restart...
2026-04-20 14:04:56 Server down (The operation has timed out.) - attempting restart...
2026-04-20 14:05:40 Server down (The operation has timed out.) - attempting restart...
2026-04-20 14:06:22 Server down (The operation has timed out.) - attempting restart...
2026-04-20 14:07:02 Server down (The operation has timed out.) - attempting restart...
2026-04-20 14:07:56 Server down (The operation has timed out.) - attempting restart...
2026-04-20 14:08:42 Server down (The operation has timed out.) - attempting restart...
2026-04-20 14:09:24 Server down (The operation has timed out.) - attempting restart...
2026-04-20 14:10:07 Server down (The operation has timed out.) - attempting restart...
2026-04-20 14:10:49 Server down (The operation has timed out.) - attempting restart...
2026-04-20 14:11:39 Server down (The operation has timed out.) - attempting restart...
2026-04-20 14:12:21 Server down (The operation has timed out.) - attempting restart...
2026-04-20 14:13:05 Server down (The operation has timed out.) - attempting restart...
2026-04-20 14:13:58 Server down (The operation has timed out.) - attempting restart...
2026-04-20 14:14:57 Server down (The operation has timed out.) - attempting restart...
2026-04-20 14:15:45 Server down (The operation has timed out.) - attempting restart...
2026-04-20 14:16:26 Server down (The operation has timed out.) - attempting restart...
2026-04-20 14:17:45 Server down (The operation has timed out.) - attempting restart...
2026-04-20 14:18:30 Server down (The operation has timed out.) - attempting restart...
2026-04-20 14:19:10 Server down (The operation has timed out.) - attempting restart...
2026-04-20 14:19:50 Server down (The operation has timed out.) - attempting restart...
2026-04-20 14:20:51 Server down (The operation has timed out.) - attempting restart...
2026-04-20 14:21:34 Server down (The operation has timed out.) - attempting restart...
2026-04-20 14:22:27 Server down (The operation has timed out.) - attempting restart...
2026-04-20 14:25:09 Server down (The operation has timed out.) - attempting restart...
2026-04-20 14:26:02 Server down (The operation has timed out.) - attempting restart...
2026-04-20 14:26:43 Server down (The operation has timed out.) - attempting restart...
2026-04-20 14:27:24 Server down (The operation has timed out.) - attempting restart...
2026-04-20 14:28:04 Server down (The operation has timed out.) - attempting restart...
2026-04-20 14:28:44 Server down (The operation has timed out.) - attempting restart...
2026-04-20 14:29:25 Server down (The operation has timed out.) - attempting restart...
2026-04-20 14:30:08 Server down (The operation has timed out.) - attempting restart...
2026-04-20 14:30:50 Server down (The operation has timed out.) - attempting restart...
2026-04-20 14:31:34 Server down (The operation has timed out.) - attempting restart...
2026-04-20 14:32:15 Server down (The operation has timed out.) - attempting restart...
2026-04-20 14:33:08 Server down (The operation has timed out.) - attempting restart...
2026-04-20 14:34:09 Server down (The operation has timed out.) - attempting restart...
2026-04-20 14:34:50 Server down (The operation has timed out.) - attempting restart...
2026-04-20 14:35:30 Server down (The operation has timed out.) - attempting restart...
2026-04-20 14:36:10 Server down (The operation has timed out.) - attempting restart...
2026-04-20 14:36:52 Server down (The operation has timed out.) - attempting restart...
2026-04-20 14:37:32 Server down (The operation has timed out.) - attempting restart...
2026-04-20 14:38:13 Server down (The operation has timed out.) - attempting restart...
2026-04-20 14:38:55 Server down (The operation has timed out.) - attempting restart...
2026-04-20 14:39:35 Server down (The operation has timed out.) - attempting restart...
2026-04-20 14:40:15 Server down (The operation has timed out.) - attempting restart...
2026-04-20 14:40:56 Server down (The operation has timed out.) - attempting restart...
2026-04-20 14:41:37 Server down (The operation has timed out.) - attempting restart...
2026-04-20 14:42:33 Server down (The operation has timed out.) - attempting restart...
2026-04-20 14:43:19 Server down (The operation has timed out.) - attempting restart...
2026-04-20 14:44:00 Server down (The operation has timed out.) - attempting restart...
2026-04-20 14:44:41 Server down (The operation has timed out.) - attempting restart...
2026-04-20 14:45:23 Server down (The operation has timed out.) - attempting restart...
2026-04-20 14:46:03 Server down (The operation has timed out.) - attempting restart...
2026-04-20 14:46:43 Server down (The operation has timed out.) - attempting restart...
2026-04-20 14:47:24 Server down (The operation has timed out.) - attempting restart...
2026-04-20 14:48:06 Server down (The operation has timed out.) - attempting restart...
2026-04-20 14:48:55 Server down (The operation has timed out.) - attempting restart...
2026-04-20 14:49:36 Server down (The operation has timed out.) - attempting restart...
2026-04-20 14:50:16 Server down (The operation has timed out.) - attempting restart...
2026-04-20 14:50:58 Server down (The operation has timed out.) - attempting restart...
2026-04-20 14:51:43 Server down (The operation has timed out.) - attempting restart...
2026-04-20 14:52:23 Server down (The operation has timed out.) - attempting restart...
2026-04-20 14:53:44 Server down (The operation has timed out.) - attempting restart...
2026-04-20 14:54:49 Server down (The operation has timed out.) - attempting restart...
2026-04-20 14:55:35 Server down (The operation has timed out.) - attempting restart...
2026-04-20 14:56:16 Server down (The operation has timed out.) - attempting restart...
2026-04-20 14:57:03 Server down (The operation has timed out.) - attempting restart...
2026-04-20 14:57:49 Server down (The operation has timed out.) - attempting restart...
2026-04-20 14:58:32 Server down (The operation has timed out.) - attempting restart...
2026-04-20 15:04:59 Server down (The operation has timed out.) - attempting restart...
2026-04-20 15:17:12 OK - HTTP 200
2026-04-20 15:17:53 OK - HTTP 200
2026-04-20 15:18:36 OK - HTTP 200
2026-04-20 15:19:19 OK - HTTP 200
2026-04-20 15:19:56 OK - HTTP 200
2026-04-20 15:20:28 OK - HTTP 200
2026-04-20 15:21:03 OK - HTTP 200
2026-04-20 15:21:35 OK - HTTP 200
2026-04-20 15:22:06 OK - HTTP 200
2026-04-20 15:22:40 OK - HTTP 200
2026-04-20 15:24:50 OK - HTTP 200
2026-04-20 15:25:31 OK - HTTP 200
2026-04-20 15:26:03 OK - HTTP 200
2026-04-20 15:26:34 OK - HTTP 200
2026-04-20 15:27:15 Server down (The operation has timed out.) - attempting restart...
2026-04-20 15:28:03 Server down (The operation has timed out.) - attempting restart...
2026-04-20 15:28:45 Server down (The operation has timed out.) - attempting restart...
2026-04-20 15:29:26 Server down (The operation has timed out.) - attempting restart...
2026-04-20 15:29:56 OK - HTTP 200
2026-04-20 15:30:26 OK - HTTP 200
2026-04-20 15:30:57 OK - HTTP 200
2026-04-20 15:31:27 OK - HTTP 200
2026-04-20 15:31:57 OK - HTTP 200
2026-04-20 15:32:28 OK - HTTP 200
2026-04-20 15:33:06 OK - HTTP 200
2026-04-20 15:33:37 OK - HTTP 200
2026-04-20 15:34:07 OK - HTTP 200
2026-04-20 15:34:38 OK - HTTP 200
2026-04-20 15:35:08 OK - HTTP 200
2026-04-20 15:35:38 OK - HTTP 200
2026-04-20 15:36:09 OK - HTTP 200
2026-04-20 15:36:39 OK - HTTP 200
2026-04-20 15:37:14 OK - HTTP 200
2026-04-20 15:37:44 OK - HTTP 200
2026-04-20 15:38:24 OK - HTTP 200
2026-04-20 15:38:56 OK - HTTP 200
2026-04-20 15:40:23 OK - HTTP 200
2026-04-20 15:40:53 OK - HTTP 200
2026-04-20 15:41:24 OK - HTTP 200
2026-04-20 15:41:55 OK - HTTP 200
2026-04-20 15:42:27 OK - HTTP 200
2026-04-20 15:42:58 OK - HTTP 200
2026-04-20 15:43:28 OK - HTTP 200
2026-04-20 15:43:58 OK - HTTP 200
2026-04-20 15:44:29 OK - HTTP 200
2026-04-20 15:45:00 OK - HTTP 200
2026-04-20 15:45:30 OK - HTTP 200
2026-04-20 15:46:01 OK - HTTP 200
2026-04-20 15:46:32 OK - HTTP 200
2026-04-20 15:47:07 OK - HTTP 200
2026-04-20 15:47:41 OK - HTTP 200
2026-04-20 15:48:25 OK - HTTP 200
2026-04-20 15:49:04 OK - HTTP 200
2026-04-20 15:49:34 OK - HTTP 200
2026-04-20 15:50:06 OK - HTTP 200
2026-04-20 15:50:42 OK - HTTP 200
2026-04-20 15:51:13 OK - HTTP 200
2026-04-20 15:51:48 OK - HTTP 200
2026-04-20 15:52:33 OK - HTTP 200
2026-04-20 15:53:03 OK - HTTP 200
2026-04-20 15:53:34 OK - HTTP 200
2026-04-20 15:54:05 OK - HTTP 200
2026-04-20 15:54:36 OK - HTTP 200
2026-04-20 15:55:08 OK - HTTP 200
2026-04-20 15:55:40 OK - HTTP 200
2026-04-20 15:56:12 OK - HTTP 200
2026-04-20 15:56:46 OK - HTTP 200
2026-04-20 15:58:05 OK - HTTP 200
2026-04-20 15:59:41 OK - HTTP 200
2026-04-20 16:00:30 OK - HTTP 200
2026-04-20 16:01:01 OK - HTTP 200
2026-04-20 16:01:43 OK - HTTP 200
2026-04-20 16:02:14 OK - HTTP 200
2026-04-20 16:02:46 OK - HTTP 200
2026-04-20 16:03:26 OK - HTTP 200
2026-04-20 16:03:57 OK - HTTP 200
2026-04-20 16:04:58 OK - HTTP 200
2026-04-20 16:05:28 OK - HTTP 200
2026-04-20 16:05:59 OK - HTTP 200
2026-04-20 16:06:29 OK - HTTP 200
2026-04-20 16:07:01 OK - HTTP 200
2026-04-20 16:07:32 OK - HTTP 200
2026-04-20 16:08:03 OK - HTTP 200
2026-04-20 16:08:33 OK - HTTP 200
2026-04-20 16:09:13 OK - HTTP 200
2026-04-20 16:09:43 OK - HTTP 200
2026-04-20 16:10:17 OK - HTTP 200
2026-04-20 16:10:48 OK - HTTP 200
2026-04-20 16:11:37 OK - HTTP 200
2026-04-20 16:12:11 OK - HTTP 200
2026-04-20 16:12:43 OK - HTTP 200
2026-04-20 16:13:15 OK - HTTP 200
2026-04-20 16:13:53 OK - HTTP 200
2026-04-20 16:14:29 OK - HTTP 200
2026-04-20 16:15:01 OK - HTTP 200
2026-04-20 16:17:37 OK - HTTP 200
2026-04-20 16:18:08 OK - HTTP 200
2026-04-20 16:18:46 OK - HTTP 200
2026-04-20 16:19:17 OK - HTTP 200
2026-04-20 16:19:49 OK - HTTP 200
2026-04-20 16:20:20 OK - HTTP 200
2026-04-20 16:20:51 OK - HTTP 200
2026-04-20 16:21:22 OK - HTTP 200
2026-04-20 16:21:52 OK - HTTP 200
2026-04-20 16:22:22 OK - HTTP 200
2026-04-20 16:22:53 OK - HTTP 200
2026-04-20 16:23:23 OK - HTTP 200
2026-04-20 16:23:53 OK - HTTP 200
2026-04-20 16:24:23 OK - HTTP 200
2026-04-20 16:24:53 OK - HTTP 200
2026-04-20 16:25:29 OK - HTTP 200
2026-04-20 16:26:00 OK - HTTP 200
2026-04-20 16:27:18 OK - HTTP 200
2026-04-20 16:27:56 OK - HTTP 200
2026-04-20 16:28:29 OK - HTTP 200
2026-04-20 16:29:00 OK - HTTP 200
2026-04-20 16:29:30 OK - HTTP 200
2026-04-20 16:30:00 OK - HTTP 200
2026-04-20 16:30:31 OK - HTTP 200
2026-04-20 16:31:05 OK - HTTP 200
2026-04-20 16:31:36 OK - HTTP 200
2026-04-20 16:35:46 Server down (Unable to connect to the remote server) - attempting restart...
2026-04-20 16:45:07 OK - HTTP 200
2026-04-20 16:46:12 OK - HTTP 200
2026-04-20 16:47:40 OK - HTTP 200
2026-04-20 16:48:50 OK - HTTP 200
2026-04-20 16:49:49 OK - HTTP 200
2026-04-20 16:54:10 Server down (Unable to connect to the remote server) - attempting restart...
2026-04-20 16:54:40 Server down (Unable to connect to the remote server) - attempting restart...
2026-04-20 16:55:10 Server down (Unable to connect to the remote server) - attempting restart...
2026-04-20 16:55:45 OK - HTTP 200
2026-04-20 17:08:48 OK - HTTP 200
2026-04-20 17:18:21 Server down (Unable to connect to the remote server) - attempting restart...
2026-04-20 17:30:56 OK - HTTP 200
2026-04-20 17:31:33 OK - HTTP 200
2026-04-20 17:46:21 Server down (Unable to connect to the remote server) - attempting restart...
2026-04-20 18:00:23 OK - HTTP 200
2026-04-20 18:08:27 Server down (The operation has timed out.) - attempting restart...
2026-04-20 18:21:56 Server down (Unable to connect to the remote server) - attempting restart...
2026-04-20 18:30:58 Server down (Unable to connect to the remote server) - attempting restart...
2026-04-20 18:43:28 Server down (Unable to connect to the remote server) - attempting restart...
2026-04-20 18:55:29 OK - HTTP 200
2026-04-20 18:59:28 Server down (The operation has timed out.) - attempting restart...
2026-04-20 19:13:59 Server down (Unable to connect to the remote server) - attempting restart...
2026-04-20 19:28:29 Server down (Unable to connect to the remote server) - attempting restart...
2026-04-20 19:41:59 Server down (Unable to connect to the remote server) - attempting restart...
2026-04-20 19:55:21 OK - HTTP 200
2026-04-20 20:05:04 Server down (Unable to connect to the remote server) - attempting restart...
2026-04-20 20:19:35 Server down (Unable to connect to the remote server) - attempting restart...
2026-04-20 20:28:40 Server down (Unable to connect to the remote server) - attempting restart...
2026-04-20 20:41:11 Server down (Unable to connect to the remote server) - attempting restart...
2026-04-20 20:56:29 Server down (The request was aborted: The request was canceled.) - attempting restart...
2026-04-20 21:01:34 OK - HTTP 200
2026-04-20 21:12:11 Server down (Unable to connect to the remote server) - attempting restart...
2026-04-20 21:22:54 OK - HTTP 200
2026-04-20 21:23:37 OK - HTTP 200
2026-04-20 21:24:09 OK - HTTP 200
2026-04-20 21:24:40 OK - HTTP 200
2026-04-20 21:25:12 OK - HTTP 200
2026-04-20 21:25:43 OK - HTTP 200
2026-04-20 21:27:29 OK - HTTP 200
2026-04-20 21:28:00 OK - HTTP 200
2026-04-20 21:28:33 OK - HTTP 200
2026-04-20 21:29:12 OK - HTTP 200
2026-04-20 21:29:43 OK - HTTP 200
2026-04-20 21:30:22 OK - HTTP 200
2026-04-20 21:30:52 OK - HTTP 200
2026-04-20 21:31:22 OK - HTTP 200
2026-04-20 21:31:53 OK - HTTP 200
2026-04-20 21:32:23 OK - HTTP 200
2026-04-20 21:32:56 OK - HTTP 200
2026-04-20 21:33:26 OK - HTTP 200
2026-04-20 21:33:56 OK - HTTP 200
2026-04-20 21:34:27 OK - HTTP 200
2026-04-20 21:34:58 OK - HTTP 200
2026-04-20 21:35:34 OK - HTTP 200
2026-04-20 21:37:56 OK - HTTP 200
2026-04-20 21:38:26 OK - HTTP 200
2026-04-20 21:39:01 OK - HTTP 200
2026-04-20 21:39:32 OK - HTTP 200
2026-04-20 21:40:02 OK - HTTP 200
2026-04-20 21:40:32 OK - HTTP 200
2026-04-20 21:41:02 OK - HTTP 200
2026-04-20 21:41:33 OK - HTTP 200
2026-04-20 21:42:03 OK - HTTP 200
2026-04-20 21:42:33 OK - HTTP 200
2026-04-20 21:43:06 OK - HTTP 200
2026-04-20 21:43:44 OK - HTTP 200
2026-04-20 21:44:15 OK - HTTP 200
2026-04-20 21:44:48 OK - HTTP 200
2026-04-20 21:45:18 OK - HTTP 200
2026-04-20 21:45:49 OK - HTTP 200
2026-04-20 21:46:19 OK - HTTP 200
2026-04-20 21:46:51 OK - HTTP 200
2026-04-20 21:47:22 OK - HTTP 200
2026-04-20 21:47:53 OK - HTTP 200
2026-04-20 21:48:23 OK - HTTP 200
2026-04-20 21:48:54 OK - HTTP 200
2026-04-20 21:51:25 OK - HTTP 200
2026-04-20 21:52:01 OK - HTTP 200
2026-04-20 21:52:32 OK - HTTP 200
2026-04-20 21:53:04 OK - HTTP 200
2026-04-20 21:53:38 OK - HTTP 200
2026-04-20 21:54:08 OK - HTTP 200
2026-04-20 21:54:39 OK - HTTP 200
2026-04-20 21:55:09 OK - HTTP 200
2026-04-20 21:55:44 OK - HTTP 200
2026-04-20 21:56:23 OK - HTTP 200
2026-04-20 21:57:03 OK - HTTP 200
2026-04-20 21:57:48 OK - HTTP 200
2026-04-20 21:58:24 OK - HTTP 200
2026-04-20 21:58:54 OK - HTTP 200
2026-04-20 21:59:25 OK - HTTP 200
2026-04-20 22:05:02 OK - HTTP 200
2026-04-20 22:05:44 OK - HTTP 200
2026-04-20 22:06:24 OK - HTTP 200
2026-04-20 22:06:55 OK - HTTP 200
2026-04-20 22:07:25 OK - HTTP 200
2026-04-20 22:08:03 OK - HTTP 200
2026-04-20 22:08:39 OK - HTTP 200
2026-04-20 22:09:10 OK - HTTP 200
